<?xml version="1.0" encoding="UTF-8"?>
<!-- Generated by org.testng.reporters.JUnitReportReporter -->
<testsuite hostname="vasu-PC" name="com.selenium.testng.AdminLoginTest" tests="4" failures="0" timestamp="21 Jan 2020 02:42:24 GMT" time="20.034" errors="0">
  <testcase name="appLaunch" time="13.056" classname="com.selenium.testng.AdminLoginTest"/>
  <testcase name="appClose" time="0.129" classname="com.selenium.testng.AdminLoginTest"/>
  <testcase name="appLogin" time="2.742" classname="com.selenium.testng.AdminLoginTest"/>
  <testcase name="appLogout" time="4.107" classname="com.selenium.testng.AdminLoginTest"/>
</testsuite> <!-- com.selenium.testng.AdminLoginTest -->
