<?xml version="1.0" encoding="UTF-8"?>
<!-- Generated by org.testng.reporters.JUnitReportReporter -->
<testsuite hostname="vasu-PC" name="com.selenium.testng.ParameterizationTest" tests="2" failures="0" timestamp="11 Jan 2020 02:24:06 GMT" time="0.040" errors="0">
  <testcase name="sampleTest" time="0.002" classname="com.selenium.testng.ParameterizationTest"/>
  <testcase name="sampleTest" time="0.038" classname="com.selenium.testng.ParameterizationTest"/>
</testsuite> <!-- com.selenium.testng.ParameterizationTest -->
