<?xml version="1.0" encoding="UTF-8"?>
<!-- Generated by org.testng.reporters.JUnitReportReporter -->
<testsuite hostname="vasu-PC" name="com.selenium.testng.FirstTestNGTest" tests="1" failures="0" timestamp="21 Jan 2020 02:42:24 GMT" time="0.001" errors="0">
  <testcase name="first" time="0.001" classname="com.selenium.testng.FirstTestNGTest"/>
</testsuite> <!-- com.selenium.testng.FirstTestNGTest -->
