<?xml version="1.0" encoding="UTF-8"?>
<!-- Generated by org.testng.reporters.JUnitReportReporter -->
<testsuite hostname="vasu-PC" name="com.selenium.testng.EmpCreationTest" tests="2" failures="0" timestamp="11 Jan 2020 02:27:58 GMT" time="19.296" errors="0">
  <testcase name="emp" time="8.947" classname="com.selenium.testng.EmpCreationTest"/>
  <testcase name="emp" time="10.349" classname="com.selenium.testng.EmpCreationTest"/>
</testsuite> <!-- com.selenium.testng.EmpCreationTest -->
