<?xml version="1.0" encoding="UTF-8"?>
<!-- Generated by org.testng.reporters.JUnitReportReporter -->
<testsuite hostname="vasu-PC" name="com.selenium.testng.ImplicitWaitTest" tests="1" failures="0" timestamp="11 Jan 2020 02:48:07 GMT" time="25.093" errors="0">
  <testcase name="implicit" time="25.093" classname="com.selenium.testng.ImplicitWaitTest"/>
</testsuite> <!-- com.selenium.testng.ImplicitWaitTest -->
