<?xml version="1.0" encoding="UTF-8"?>
<!-- Generated by org.testng.reporters.JUnitReportReporter -->
<testsuite hostname="vasu-PC" name="com.selenium.testng.AnnotationsTest2" tests="2" failures="0" timestamp="21 Jan 2020 02:42:24 GMT" time="0.000" errors="0">
  <testcase name="method1" time="0.000" classname="com.selenium.testng.AnnotationsTest2"/>
  <testcase name="method2" time="0.000" classname="com.selenium.testng.AnnotationsTest2"/>
</testsuite> <!-- com.selenium.testng.AnnotationsTest2 -->
