<?xml version="1.0" encoding="UTF-8"?>
<!-- Generated by org.testng.reporters.JUnitReportReporter -->
<testsuite hostname="vasu-PC" name="com.selenium.testng.MultipleTestNg" tests="4" failures="0" timestamp="21 Jan 2020 02:42:24 GMT" time="0.003" errors="0">
  <testcase name="appLogin" time="0.001" classname="com.selenium.testng.MultipleTestNg"/>
  <testcase name="appLaunch" time="0.001" classname="com.selenium.testng.MultipleTestNg"/>
  <testcase name="appLogout" time="0.001" classname="com.selenium.testng.MultipleTestNg"/>
  <testcase name="appClose" time="0.000" classname="com.selenium.testng.MultipleTestNg"/>
</testsuite> <!-- com.selenium.testng.MultipleTestNg -->
